<?xml version="1.0" encoding="UTF-8"?>
<!-- Generated by org.testng.reporters.JUnitReportReporter -->
<testsuite hostname="LAPTOP-IL4M4SSK" failures="0" tests="1" name="Test.LoginTestcase" time="76.036" errors="0" timestamp="2022-07-14T21:59:44 IST" skipped="0">
  <testcase classname="Test.LoginTestcase" name="LoginPage" time="76.036"/>
  <system-out/>
</testsuite> <!-- Test.LoginTestcase -->
